This file contains any messages produced by compilers while
running configure, to aid debugging if configure makes a mistake.

It was created by opus configure 1.5.1, which was
generated by GNU Autoconf 2.71.  Invocation command line was

  $ ./configure

## --------- ##
## Platform. ##
## --------- ##

hostname = gator
uname -m = x86_64
uname -r = 6.6.13-200.fc39.x86_64
uname -s = Linux
uname -v = #1 SMP PREEMPT_DYNAMIC Sat Jan 20 18:03:28 UTC 2024

/usr/bin/uname -p = unknown
/bin/uname -X     = unknown

/bin/arch              = x86_64
/usr/bin/arch -k       = unknown
/usr/convex/getsysinfo = unknown
/usr/bin/hostinfo      = unknown
/bin/machine           = unknown
/usr/bin/oslevel       = unknown
/bin/universe          = unknown

PATH: /home/mike/.cargo/bin/
PATH: /home/mike/.bun/bin/
PATH: /home/mike/.nvm/versions/node/v20.11.0/bin/
PATH: /home/mike/.yarn/bin/
PATH: /home/mike/.config/yarn/global/node_modules/.bin/
PATH: /home/mike/.local/bin/
PATH: /home/mike/bin/
PATH: /usr/local/bin/
PATH: /usr/local/sbin/
PATH: /usr/bin/
PATH: /usr/sbin/
PATH: /home/mike/bin/
PATH: /home/mike/.local/bin/
PATH: /home/mike/.local/go/bin/
PATH: /home/mike/.local/kitty.app/bin/
PATH: /home/mike/go/bin/
PATH: /home/mike/.local/zig-linux-x86_64-0.12.0-dev.2641+ee36131e6/


## ----------- ##
## Core tests. ##
## ----------- ##

configure:2570: looking for aux files: compile ltmain.sh config.guess config.sub missing install-sh
configure:2583:  trying ./
configure:2612:   ./compile found
configure:2612:   ./ltmain.sh found
configure:2612:   ./config.guess found
configure:2612:   ./config.sub found
configure:2612:   ./missing found
configure:2594:   ./install-sh found
configure:2739: checking whether make supports nested variables
configure:2757: result: yes
configure:2796: checking for a BSD-compatible install
configure:2869: result: /usr/bin/install -c
configure:2880: checking whether build environment is sane
configure:2935: result: yes
configure:3094: checking for a race-free mkdir -p
configure:3138: result: /usr/bin/mkdir -p
configure:3145: checking for gawk
configure:3166: found /usr/bin/gawk
configure:3177: result: gawk
configure:3188: checking whether make sets $(MAKE)
configure:3211: result: yes
configure:3350: checking whether to enable maintainer-specific portions of Makefiles
configure:3360: result: yes
configure:3380: checking build system type
configure:3395: result: x86_64-pc-linux-gnu
configure:3415: checking host system type
configure:3429: result: x86_64-pc-linux-gnu
configure:3502: checking how to print strings
configure:3529: result: printf
configure:3563: checking whether make supports the include directive
configure:3578: make -f confmf.GNU && cat confinc.out
this is the am__doit target
configure:3581: $? = 0
configure:3600: result: yes (GNU style)
configure:3676: checking for gcc
configure:3697: found /usr/bin/gcc
configure:3708: result: gcc
configure:4061: checking for C compiler version
configure:4070: gcc --version >&5
gcc (GCC) 13.2.1 20231205 (Red Hat 13.2.1-6)
Copyright (C) 2023 Free Software Foundation, Inc.
This is free software; see the source for copying conditions.  There is NO
warranty; not even for MERCHANTABILITY or FITNESS FOR A PARTICULAR PURPOSE.

configure:4081: $? = 0
configure:4070: gcc -v >&5
Using built-in specs.
COLLECT_GCC=gcc
COLLECT_LTO_WRAPPER=/usr/libexec/gcc/x86_64-redhat-linux/13/lto-wrapper
OFFLOAD_TARGET_NAMES=nvptx-none
OFFLOAD_TARGET_DEFAULT=1
Target: x86_64-redhat-linux
Configured with: ../configure --enable-bootstrap --enable-languages=c,c++,fortran,objc,obj-c++,ada,go,d,m2,lto --prefix=/usr --mandir=/usr/share/man --infodir=/usr/share/info --with-bugurl=http://bugzilla.redhat.com/bugzilla --enable-shared --enable-threads=posix --enable-checking=release --enable-multilib --with-system-zlib --enable-__cxa_atexit --disable-libunwind-exceptions --enable-gnu-unique-object --enable-linker-build-id --with-gcc-major-version-only --enable-libstdcxx-backtrace --with-libstdcxx-zoneinfo=/usr/share/zoneinfo --with-linker-hash-style=gnu --enable-plugin --enable-initfini-array --with-isl=/builddir/build/BUILD/gcc-13.2.1-20231205/obj-x86_64-redhat-linux/isl-install --enable-offload-targets=nvptx-none --without-cuda-driver --enable-offload-defaulted --enable-gnu-indirect-function --enable-cet --with-tune=generic --with-arch_32=i686 --build=x86_64-redhat-linux --with-build-config=bootstrap-lto --enable-link-serialization=1
Thread model: posix
Supported LTO compression algorithms: zlib zstd
gcc version 13.2.1 20231205 (Red Hat 13.2.1-6) (GCC) 
... rest of stderr output deleted ...
configure:4081: $? = 0
configure:4070: gcc -V >&5
gcc: error: unrecognized command-line option '-V'
gcc: fatal error: no input files
compilation terminated.
configure:4081: $? = 1
configure:4070: gcc -qversion >&5
gcc: error: unrecognized command-line option '-qversion'; did you mean '--version'?
gcc: fatal error: no input files
compilation terminated.
configure:4081: $? = 1
configure:4070: gcc -version >&5
gcc: error: unrecognized command-line option '-version'
gcc: fatal error: no input files
compilation terminated.
configure:4081: $? = 1
configure:4101: checking whether the C compiler works
configure:4123: gcc    conftest.c  >&5
configure:4127: $? = 0
configure:4177: result: yes
configure:4180: checking for C compiler default output file name
configure:4182: result: a.out
configure:4188: checking for suffix of executables
configure:4195: gcc -o conftest    conftest.c  >&5
configure:4199: $? = 0
configure:4222: result: 
configure:4244: checking whether we are cross compiling
configure:4252: gcc -o conftest    conftest.c  >&5
configure:4256: $? = 0
configure:4263: ./conftest
configure:4267: $? = 0
configure:4282: result: no
configure:4287: checking for suffix of object files
configure:4310: gcc -c   conftest.c >&5
configure:4314: $? = 0
configure:4336: result: o
configure:4340: checking whether the compiler supports GNU C
configure:4360: gcc -c   conftest.c >&5
configure:4360: $? = 0
configure:4370: result: yes
configure:4381: checking whether gcc accepts -g
configure:4402: gcc -c -g  conftest.c >&5
configure:4402: $? = 0
configure:4446: result: yes
configure:4466: checking for gcc option to enable C11 features
configure:4481: gcc  -c -g -O2  conftest.c >&5
configure:4481: $? = 0
configure:4499: result: none needed
configure:4615: checking whether gcc understands -c and -o together
configure:4638: gcc -c conftest.c -o conftest2.o
configure:4641: $? = 0
configure:4638: gcc -c conftest.c -o conftest2.o
configure:4641: $? = 0
configure:4653: result: yes
configure:4672: checking dependency style of gcc
configure:4784: result: gcc3
configure:4799: checking for a sed that does not truncate output
configure:4869: result: /usr/bin/sed
configure:4887: checking for grep that handles long lines and -e
configure:4951: result: /usr/bin/grep
configure:4956: checking for egrep
configure:5024: result: /usr/bin/grep -E
configure:5029: checking for fgrep
configure:5097: result: /usr/bin/grep -F
configure:5133: checking for ld used by gcc
configure:5201: result: /usr/bin/ld
configure:5208: checking if the linker (/usr/bin/ld) is GNU ld
configure:5224: result: yes
configure:5236: checking for BSD- or MS-compatible name lister (nm)
configure:5291: result: /usr/bin/nm -B
configure:5431: checking the name lister (/usr/bin/nm -B) interface
configure:5439: gcc -c -g -O2  conftest.c >&5
configure:5442: /usr/bin/nm -B "conftest.o"
configure:5445: output
0000000000000000 B some_variable
configure:5452: result: BSD nm
configure:5455: checking whether ln -s works
configure:5459: result: yes
configure:5467: checking the maximum length of command line arguments
configure:5599: result: 1572864
configure:5647: checking how to convert x86_64-pc-linux-gnu file names to x86_64-pc-linux-gnu format
configure:5688: result: func_convert_file_noop
configure:5695: checking how to convert x86_64-pc-linux-gnu file names to toolchain format
configure:5716: result: func_convert_file_noop
configure:5723: checking for /usr/bin/ld option to reload object files
configure:5731: result: -r
configure:5810: checking for file
configure:5831: found /usr/bin/file
configure:5842: result: file
configure:5918: checking for objdump
configure:5939: found /usr/bin/objdump
configure:5950: result: objdump
configure:5982: checking how to recognize dependent libraries
configure:6183: result: pass_all
configure:6273: checking for dlltool
configure:6308: result: no
configure:6338: checking how to associate runtime and link libraries
configure:6366: result: printf %s\n
configure:6432: checking for ar
configure:6453: found /usr/bin/ar
configure:6464: result: ar
configure:6517: checking for archiver @FILE support
configure:6535: gcc -c -g -O2  conftest.c >&5
configure:6535: $? = 0
configure:6539: ar cr libconftest.a @conftest.lst >&5
configure:6542: $? = 0
configure:6547: ar cr libconftest.a @conftest.lst >&5
ar: conftest.o: No such file or directory
configure:6550: $? = 1
configure:6562: result: @
configure:6625: checking for strip
configure:6646: found /usr/bin/strip
configure:6657: result: strip
configure:6734: checking for ranlib
configure:6755: found /usr/bin/ranlib
configure:6766: result: ranlib
configure:6868: checking command to parse /usr/bin/nm -B output from gcc object
configure:7022: gcc -c -g -O2  conftest.c >&5
configure:7025: $? = 0
configure:7029: /usr/bin/nm -B conftest.o \| /usr/bin/sed -n -e 's/^.*[ ]\([ABCDGIRSTW][ABCDGIRSTW]*\)[ ][ ]*\([_A-Za-z][_A-Za-z0-9]*\)$/\1 \2 \2/p' | /usr/bin/sed '/ __gnu_lto/d' \> conftest.nm
configure:7032: $? = 0
configure:7098: gcc -o conftest -g -O2   conftest.c conftstm.o >&5
configure:7101: $? = 0
configure:7139: result: ok
configure:7186: checking for sysroot
configure:7217: result: no
configure:7224: checking for a working dd
configure:7268: result: /usr/bin/dd
configure:7272: checking how to truncate binary pipes
configure:7288: result: /usr/bin/dd bs=4096 count=1
configure:7425: gcc -c -g -O2  conftest.c >&5
configure:7428: $? = 0
configure:7625: checking for mt
configure:7660: result: no
configure:7680: checking if : is a manifest tool
configure:7687: : '-?'
configure:7695: result: no
configure:8420: checking for stdio.h
configure:8420: gcc -c -g -O2  conftest.c >&5
configure:8420: $? = 0
configure:8420: result: yes
configure:8420: checking for stdlib.h
configure:8420: gcc -c -g -O2  conftest.c >&5
configure:8420: $? = 0
configure:8420: result: yes
configure:8420: checking for string.h
configure:8420: gcc -c -g -O2  conftest.c >&5
configure:8420: $? = 0
configure:8420: result: yes
configure:8420: checking for inttypes.h
configure:8420: gcc -c -g -O2  conftest.c >&5
configure:8420: $? = 0
configure:8420: result: yes
configure:8420: checking for stdint.h
configure:8420: gcc -c -g -O2  conftest.c >&5
configure:8420: $? = 0
configure:8420: result: yes
configure:8420: checking for strings.h
configure:8420: gcc -c -g -O2  conftest.c >&5
configure:8420: $? = 0
configure:8420: result: yes
configure:8420: checking for sys/stat.h
configure:8420: gcc -c -g -O2  conftest.c >&5
configure:8420: $? = 0
configure:8420: result: yes
configure:8420: checking for sys/types.h
configure:8420: gcc -c -g -O2  conftest.c >&5
configure:8420: $? = 0
configure:8420: result: yes
configure:8420: checking for unistd.h
configure:8420: gcc -c -g -O2  conftest.c >&5
configure:8420: $? = 0
configure:8420: result: yes
configure:8445: checking for dlfcn.h
configure:8445: gcc -c -g -O2  conftest.c >&5
configure:8445: $? = 0
configure:8445: result: yes
configure:8704: checking for objdir
configure:8720: result: .libs
configure:8984: checking if gcc supports -fno-rtti -fno-exceptions
configure:9003: gcc -c -g -O2  -fno-rtti -fno-exceptions conftest.c >&5
cc1: warning: command-line option '-fno-rtti' is valid for C++/D/ObjC++ but not for C
configure:9007: $? = 0
configure:9020: result: no
configure:9378: checking for gcc option to produce PIC
configure:9386: result: -fPIC -DPIC
configure:9394: checking if gcc PIC flag -fPIC -DPIC works
configure:9413: gcc -c -g -O2  -fPIC -DPIC -DPIC conftest.c >&5
configure:9417: $? = 0
configure:9430: result: yes
configure:9459: checking if gcc static flag -static works
configure:9488: result: no
configure:9503: checking if gcc supports -c -o file.o
configure:9525: gcc -c -g -O2  -o out/conftest2.o conftest.c >&5
configure:9529: $? = 0
configure:9551: result: yes
configure:9559: checking if gcc supports -c -o file.o
configure:9607: result: yes
configure:9640: checking whether the gcc linker (/usr/bin/ld -m elf_x86_64) supports shared libraries
configure:10908: result: yes
configure:10945: checking whether -lc should be explicitly linked in
configure:10954: gcc -c -g -O2  conftest.c >&5
configure:10957: $? = 0
configure:10972: gcc -shared  -fPIC -DPIC conftest.o  -v -Wl,-soname -Wl,conftest -o conftest 2\>\&1 \| /usr/bin/grep  -lc  \>/dev/null 2\>\&1
configure:10975: $? = 0
configure:10989: result: no
configure:11149: checking dynamic linker characteristics
configure:11731: gcc -o conftest -g -O2   -Wl,-rpath -Wl,/foo conftest.c  >&5
configure:11731: $? = 0
configure:11973: result: GNU/Linux ld.so
configure:12095: checking how to hardcode library paths into programs
configure:12120: result: immediate
configure:12672: checking whether stripping libraries is possible
configure:12681: result: yes
configure:12723: checking if libtool supports shared libraries
configure:12725: result: yes
configure:12728: checking whether to build shared libraries
configure:12753: result: yes
configure:12756: checking whether to build static libraries
configure:12760: result: yes
configure:12800: checking for an ANSI C-conforming const
configure:12867: gcc -c -g -O2  conftest.c >&5
configure:12867: $? = 0
configure:12875: result: yes
configure:12883: checking for inline
configure:12900: gcc -c -g -O2  conftest.c >&5
configure:12900: $? = 0
configure:12909: result: inline
configure:12937: checking dependency style of gcc
configure:13047: result: gcc3
configure:13071: checking for C/C++ restrict keyword
configure:13097: gcc -c -g -O2  conftest.c >&5
configure:13097: $? = 0
configure:13106: result: __restrict
configure:13119: checking for C99 variable-size arrays
configure:13132: gcc -c -g -O2  conftest.c >&5
configure:13132: $? = 0
configure:13146: result: yes
configure:13278: checking for cos in -lm
configure:13301: gcc -o conftest -g -O2   conftest.c -lm   >&5
conftest.c:28:6: warning: conflicting types for built-in function 'cos'; expected 'double(double)' [-Wbuiltin-declaration-mismatch]
   28 | char cos ();
      |      ^~~
conftest.c:1:1: note: 'cos' is declared in header '<math.h>'
    1 | /* confdefs.h */
configure:13301: $? = 0
configure:13311: result: yes
configure:13573: checking how to run the C preprocessor
configure:13599: gcc -E  conftest.c
configure:13599: $? = 0
configure:13614: gcc -E  conftest.c
conftest.c:25:10: fatal error: ac_nonexistent.h: No such file or directory
   25 | #include <ac_nonexistent.h>
      |          ^~~~~~~~~~~~~~~~~~
compilation terminated.
configure:13614: $? = 1
configure: failed program was:
| /* confdefs.h */
| #define PACKAGE_NAME "opus"
| #define PACKAGE_TARNAME "opus"
| #define PACKAGE_VERSION "1.5.1"
| #define PACKAGE_STRING "opus 1.5.1"
| #define PACKAGE_BUGREPORT "opus@xiph.org"
| #define PACKAGE_URL ""
| #define HAVE_STDIO_H 1
| #define HAVE_STDLIB_H 1
| #define HAVE_STRING_H 1
| #define HAVE_INTTYPES_H 1
| #define HAVE_STDINT_H 1
| #define HAVE_STRINGS_H 1
| #define HAVE_SYS_STAT_H 1
| #define HAVE_SYS_TYPES_H 1
| #define HAVE_UNISTD_H 1
| #define STDC_HEADERS 1
| #define HAVE_DLFCN_H 1
| #define LT_OBJDIR ".libs/"
| #define OPUS_BUILD /**/
| #define restrict __restrict
| #define VAR_ARRAYS 1
| #define FLOAT_APPROX 1
| /* end confdefs.h.  */
| #include <ac_nonexistent.h>
configure:13641: result: gcc -E
configure:13655: gcc -E  conftest.c
configure:13655: $? = 0
configure:13670: gcc -E  conftest.c
conftest.c:25:10: fatal error: ac_nonexistent.h: No such file or directory
   25 | #include <ac_nonexistent.h>
      |          ^~~~~~~~~~~~~~~~~~
compilation terminated.
configure:13670: $? = 1
configure: failed program was:
| /* confdefs.h */
| #define PACKAGE_NAME "opus"
| #define PACKAGE_TARNAME "opus"
| #define PACKAGE_VERSION "1.5.1"
| #define PACKAGE_STRING "opus 1.5.1"
| #define PACKAGE_BUGREPORT "opus@xiph.org"
| #define PACKAGE_URL ""
| #define HAVE_STDIO_H 1
| #define HAVE_STDLIB_H 1
| #define HAVE_STRING_H 1
| #define HAVE_INTTYPES_H 1
| #define HAVE_STDINT_H 1
| #define HAVE_STRINGS_H 1
| #define HAVE_SYS_STAT_H 1
| #define HAVE_SYS_TYPES_H 1
| #define HAVE_UNISTD_H 1
| #define STDC_HEADERS 1
| #define HAVE_DLFCN_H 1
| #define LT_OBJDIR ".libs/"
| #define OPUS_BUILD /**/
| #define restrict __restrict
| #define VAR_ARRAYS 1
| #define FLOAT_APPROX 1
| /* end confdefs.h.  */
| #include <ac_nonexistent.h>
configure:14790: checking if compiler supports SSE intrinsics
configure:14811: gcc -o conftest -g -O2   conftest.c  >&5
configure:14811: $? = 0
configure:14816: result: yes
configure:14877: checking if compiler supports SSE2 intrinsics
configure:14898: gcc -o conftest -g -O2   conftest.c  >&5
configure:14898: $? = 0
configure:14903: result: yes
configure:14964: checking if compiler supports SSE4.1 intrinsics
configure:14985: gcc -o conftest -g -O2   conftest.c  >&5
In file included from conftest.c:25:
/usr/lib/gcc/x86_64-redhat-linux/13/include/smmintrin.h: In function 'main':
/usr/lib/gcc/x86_64-redhat-linux/13/include/smmintrin.h:334:1: error: inlining failed in call to 'always_inline' '_mm_mul_epi32': target specific option mismatch
  334 | _mm_mul_epi32 (__m128i __X, __m128i __Y)
      | ^~~~~~~~~~~~~
conftest.c:34:21: note: called from here
   34 |             mtest = _mm_mul_epi32(mtest, mtest);
      |                     ^~~~~~~~~~~~~~~~~~~~~~~~~~~
/usr/lib/gcc/x86_64-redhat-linux/13/include/smmintrin.h:334:1: error: inlining failed in call to 'always_inline' '_mm_mul_epi32': target specific option mismatch
  334 | _mm_mul_epi32 (__m128i __X, __m128i __Y)
      | ^~~~~~~~~~~~~
conftest.c:34:21: note: called from here
   34 |             mtest = _mm_mul_epi32(mtest, mtest);
      |                     ^~~~~~~~~~~~~~~~~~~~~~~~~~~
configure:14985: $? = 1
configure: failed program was:
| /* confdefs.h */
| #define PACKAGE_NAME "opus"
| #define PACKAGE_TARNAME "opus"
| #define PACKAGE_VERSION "1.5.1"
| #define PACKAGE_STRING "opus 1.5.1"
| #define PACKAGE_BUGREPORT "opus@xiph.org"
| #define PACKAGE_URL ""
| #define HAVE_STDIO_H 1
| #define HAVE_STDLIB_H 1
| #define HAVE_STRING_H 1
| #define HAVE_INTTYPES_H 1
| #define HAVE_STDINT_H 1
| #define HAVE_STRINGS_H 1
| #define HAVE_SYS_STAT_H 1
| #define HAVE_SYS_TYPES_H 1
| #define HAVE_UNISTD_H 1
| #define STDC_HEADERS 1
| #define HAVE_DLFCN_H 1
| #define LT_OBJDIR ".libs/"
| #define OPUS_BUILD /**/
| #define restrict __restrict
| #define VAR_ARRAYS 1
| #define FLOAT_APPROX 1
| /* end confdefs.h.  */
| #include <smmintrin.h>
|            #include <time.h>
| 
| int
| main (void)
| {
| 
|             __m128i mtest;
|             mtest = _mm_set1_epi32((int)time(NULL));
|             mtest = _mm_mul_epi32(mtest, mtest);
|             return _mm_cvtsi128_si32(mtest);
| 
| 
|   ;
|   return 0;
| }
configure:14996: result: no
configure:14998: checking if compiler supports SSE4.1 intrinsics with -msse4.1
configure:15020: gcc -o conftest -g -O2 -msse4.1   conftest.c  >&5
configure:15020: $? = 0
configure:15023: result: yes
configure:15051: checking if compiler supports AVX2 intrinsics
configure:15079: gcc -o conftest -g -O2   conftest.c  >&5
conftest.c: In function 'main':
conftest.c:36:20: warning: AVX vector return without AVX enabled changes the ABI [-Wpsabi]
   36 |              mtest = _mm256_set1_ps((float)time(NULL));
      |              ~~~~~~^~~~~~~~~~~~~~~~~~~~~~~~~~~~~~~~~~~
In file included from /usr/lib/gcc/x86_64-redhat-linux/13/include/immintrin.h:43,
                 from conftest.c:25:
/usr/lib/gcc/x86_64-redhat-linux/13/include/avxintrin.h:543:1: error: inlining failed in call to 'always_inline' '_mm256_extract_epi16': target specific option mismatch
  543 | _mm256_extract_epi16 (__m256i __X, int const __N)
      | ^~~~~~~~~~~~~~~~~~~~
conftest.c:41:21: note: called from here
   41 |              return _mm256_extract_epi16(_mm256_xor_si256(
      |                     ^~~~~~~~~~~~~~~~~~~~~~~~~~~~~~~~~~~~~~
   42 |               _mm256_xor_si256(mtest1, mtest2), _mm256_cvttps_epi32(mtest)), 0);
      |               ~~~~~~~~~~~~~~~~~~~~~~~~~~~~~~~~~~~~~~~~~~~~~~~~~~~~~~~~~~~~~~~~~
In file included from /usr/lib/gcc/x86_64-redhat-linux/13/include/immintrin.h:51:
/usr/lib/gcc/x86_64-redhat-linux/13/include/avx2intrin.h:913:1: error: inlining failed in call to 'always_inline' '_mm256_xor_si256': target specific option mismatch
  913 | _mm256_xor_si256 (__m256i __A, __m256i __B)
      | ^~~~~~~~~~~~~~~~
conftest.c:41:21: note: called from here
   41 |              return _mm256_extract_epi16(_mm256_xor_si256(
      |                     ^~~~~~~~~~~~~~~~~~~~~~~~~~~~~~~~~~~~~~
   42 |               _mm256_xor_si256(mtest1, mtest2), _mm256_cvttps_epi32(mtest)), 0);
      |               ~~~~~~~~~~~~~~~~~~~~~~~~~~~~~~~~~~~~~~~~~~~~~~~~~~~~~~~~~~~~~~~~~
/usr/lib/gcc/x86_64-redhat-linux/13/include/avx2intrin.h:913:1: error: inlining failed in call to 'always_inline' '_mm256_xor_si256': target specific option mismatch
  913 | _mm256_xor_si256 (__m256i __A, __m256i __B)
      | ^~~~~~~~~~~~~~~~
conftest.c:41:21: note: called from here
   41 |              return _mm256_extract_epi16(_mm256_xor_si256(
      |                     ^~~~~~~~~~~~~~~~~~~~~~~~~~~~~~~~~~~~~~
   42 |               _mm256_xor_si256(mtest1, mtest2), _mm256_cvttps_epi32(mtest)), 0);
      |               ~~~~~~~~~~~~~~~~~~~~~~~~~~~~~~~~~~~~~~~~~~~~~~~~~~~~~~~~~~~~~~~~~
/usr/lib/gcc/x86_64-redhat-linux/13/include/avxintrin.h:497:1: error: inlining failed in call to 'always_inline' '_mm256_cvttps_epi32': target specific option mismatch
  497 | _mm256_cvttps_epi32 (__m256 __A)
      | ^~~~~~~~~~~~~~~~~~~
conftest.c:41:21: note: called from here
   41 |              return _mm256_extract_epi16(_mm256_xor_si256(
      |                     ^~~~~~~~~~~~~~~~~~~~~~~~~~~~~~~~~~~~~~
   42 |               _mm256_xor_si256(mtest1, mtest2), _mm256_cvttps_epi32(mtest)), 0);
      |               ~~~~~~~~~~~~~~~~~~~~~~~~~~~~~~~~~~~~~~~~~~~~~~~~~~~~~~~~~~~~~~~~~
/usr/lib/gcc/x86_64-redhat-linux/13/include/avx2intrin.h:461:1: error: inlining failed in call to 'always_inline' '_mm256_cvtepi16_epi32': target specific option mismatch
  461 | _mm256_cvtepi16_epi32 (__m128i __X)
      | ^~~~~~~~~~~~~~~~~~~~~
conftest.c:40:15: note: called from here
   40 |               _mm256_cvtepi16_epi32(_mm_loadu_si128((__m128i_u *)utest));
      |               ^~~~~~~~~~~~~~~~~~~~~~~~~~~~~~~~~~~~~~~~~~~~~~~~~~~~~~~~~~
/usr/lib/gcc/x86_64-redhat-linux/13/include/avxintrin.h:1537:1: error: inlining failed in call to 'always_inline' '_mm256_set_m128i': target specific option mismatch
 1537 | _mm256_set_m128i (__m128i __H, __m128i __L)
      | ^~~~~~~~~~~~~~~~
conftest.c:38:23: note: called from here
   38 |              mtest1 = _mm256_set_m128i(_mm_loadu_si64(utest), _mm_loadu_si64(utest));
      |                       ^~~~~~~~~~~~~~~~~~~~~~~~~~~~~~~~~~~~~~~~~~~~~~~~~~~~~~~~~~~~~~
In file included from /usr/lib/gcc/x86_64-redhat-linux/13/include/immintrin.h:109:
/usr/lib/gcc/x86_64-redhat-linux/13/include/fmaintrin.h:63:1: error: inlining failed in call to 'always_inline' '_mm256_fmadd_ps': target specific option mismatch
   63 | _mm256_fmadd_ps (__m256 __A, __m256 __B, __m256 __C)
      | ^~~~~~~~~~~~~~~
conftest.c:37:22: note: called from here
   37 |              mtest = _mm256_fmadd_ps(mtest, mtest, mtest);
      |                      ^~~~~~~~~~~~~~~~~~~~~~~~~~~~~~~~~~~~
/usr/lib/gcc/x86_64-redhat-linux/13/include/avxintrin.h:1327:1: error: inlining failed in call to 'always_inline' '_mm256_set1_ps': target specific option mismatch
 1327 | _mm256_set1_ps (float __A)
      | ^~~~~~~~~~~~~~
conftest.c:36:22: note: called from here
   36 |              mtest = _mm256_set1_ps((float)time(NULL));
      |                      ^~~~~~~~~~~~~~~~~~~~~~~~~~~~~~~~~
/usr/lib/gcc/x86_64-redhat-linux/13/include/avxintrin.h:1537:1: error: inlining failed in call to 'always_inline' '_mm256_set_m128i': target specific option mismatch
 1537 | _mm256_set_m128i (__m128i __H, __m128i __L)
      | ^~~~~~~~~~~~~~~~
conftest.c:38:23: note: called from here
   38 |              mtest1 = _mm256_set_m128i(_mm_loadu_si64(utest), _mm_loadu_si64(utest));
      |                       ^~~~~~~~~~~~~~~~~~~~~~~~~~~~~~~~~~~~~~~~~~~~~~~~~~~~~~~~~~~~~~
/usr/lib/gcc/x86_64-redhat-linux/13/include/avxintrin.h:543:1: error: inlining failed in call to 'always_inline' '_mm256_extract_epi16': target specific option mismatch
  543 | _mm256_extract_epi16 (__m256i __X, int const __N)
      | ^~~~~~~~~~~~~~~~~~~~
conftest.c:41:21: note: called from here
   41 |              return _mm256_extract_epi16(_mm256_xor_si256(
      |                     ^~~~~~~~~~~~~~~~~~~~~~~~~~~~~~~~~~~~~~
   42 |               _mm256_xor_si256(mtest1, mtest2), _mm256_cvttps_epi32(mtest)), 0);
      |               ~~~~~~~~~~~~~~~~~~~~~~~~~~~~~~~~~~~~~~~~~~~~~~~~~~~~~~~~~~~~~~~~~
/usr/lib/gcc/x86_64-redhat-linux/13/include/avx2intrin.h:913:1: error: inlining failed in call to 'always_inline' '_mm256_xor_si256': target specific option mismatch
  913 | _mm256_xor_si256 (__m256i __A, __m256i __B)
      | ^~~~~~~~~~~~~~~~
conftest.c:41:21: note: called from here
   41 |              return _mm256_extract_epi16(_mm256_xor_si256(
      |                     ^~~~~~~~~~~~~~~~~~~~~~~~~~~~~~~~~~~~~~
   42 |               _mm256_xor_si256(mtest1, mtest2), _mm256_cvttps_epi32(mtest)), 0);
      |               ~~~~~~~~~~~~~~~~~~~~~~~~~~~~~~~~~~~~~~~~~~~~~~~~~~~~~~~~~~~~~~~~~
/usr/lib/gcc/x86_64-redhat-linux/13/include/avx2intrin.h:913:1: error: inlining failed in call to 'always_inline' '_mm256_xor_si256': target specific option mismatch
  913 | _mm256_xor_si256 (__m256i __A, __m256i __B)
      | ^~~~~~~~~~~~~~~~
conftest.c:41:21: note: called from here
   41 |              return _mm256_extract_epi16(_mm256_xor_si256(
      |                     ^~~~~~~~~~~~~~~~~~~~~~~~~~~~~~~~~~~~~~
   42 |               _mm256_xor_si256(mtest1, mtest2), _mm256_cvttps_epi32(mtest)), 0);
      |               ~~~~~~~~~~~~~~~~~~~~~~~~~~~~~~~~~~~~~~~~~~~~~~~~~~~~~~~~~~~~~~~~~
/usr/lib/gcc/x86_64-redhat-linux/13/include/avxintrin.h:497:1: error: inlining failed in call to 'always_inline' '_mm256_cvttps_epi32': target specific option mismatch
  497 | _mm256_cvttps_epi32 (__m256 __A)
      | ^~~~~~~~~~~~~~~~~~~
conftest.c:41:21: note: called from here
   41 |              return _mm256_extract_epi16(_mm256_xor_si256(
      |                     ^~~~~~~~~~~~~~~~~~~~~~~~~~~~~~~~~~~~~~
   42 |               _mm256_xor_si256(mtest1, mtest2), _mm256_cvttps_epi32(mtest)), 0);
      |               ~~~~~~~~~~~~~~~~~~~~~~~~~~~~~~~~~~~~~~~~~~~~~~~~~~~~~~~~~~~~~~~~~
/usr/lib/gcc/x86_64-redhat-linux/13/include/avx2intrin.h:461:1: error: inlining failed in call to 'always_inline' '_mm256_cvtepi16_epi32': target specific option mismatch
  461 | _mm256_cvtepi16_epi32 (__m128i __X)
      | ^~~~~~~~~~~~~~~~~~~~~
conftest.c:40:15: note: called from here
   40 |               _mm256_cvtepi16_epi32(_mm_loadu_si128((__m128i_u *)utest));
      |               ^~~~~~~~~~~~~~~~~~~~~~~~~~~~~~~~~~~~~~~~~~~~~~~~~~~~~~~~~~
configure:15079: $? = 1
configure: failed program was:
| /* confdefs.h */
| #define PACKAGE_NAME "opus"
| #define PACKAGE_TARNAME "opus"
| #define PACKAGE_VERSION "1.5.1"
| #define PACKAGE_STRING "opus 1.5.1"
| #define PACKAGE_BUGREPORT "opus@xiph.org"
| #define PACKAGE_URL ""
| #define HAVE_STDIO_H 1
| #define HAVE_STDLIB_H 1
| #define HAVE_STRING_H 1
| #define HAVE_INTTYPES_H 1
| #define HAVE_STDINT_H 1
| #define HAVE_STRINGS_H 1
| #define HAVE_SYS_STAT_H 1
| #define HAVE_SYS_TYPES_H 1
| #define HAVE_UNISTD_H 1
| #define STDC_HEADERS 1
| #define HAVE_DLFCN_H 1
| #define LT_OBJDIR ".libs/"
| #define OPUS_BUILD /**/
| #define restrict __restrict
| #define VAR_ARRAYS 1
| #define FLOAT_APPROX 1
| /* end confdefs.h.  */
| #include <immintrin.h>
|            #include <time.h>
| 
| int
| main (void)
| {
| 
|              unsigned char utest[16] = {1};
|              __m256 mtest;
|              __m256i mtest1;
|              __m256i mtest2;
|              mtest = _mm256_set1_ps((float)time(NULL));
|              mtest = _mm256_fmadd_ps(mtest, mtest, mtest);
|              mtest1 = _mm256_set_m128i(_mm_loadu_si64(utest), _mm_loadu_si64(utest));
|              mtest2 =
|               _mm256_cvtepi16_epi32(_mm_loadu_si128((__m128i_u *)utest));
|              return _mm256_extract_epi16(_mm256_xor_si256(
|               _mm256_xor_si256(mtest1, mtest2), _mm256_cvttps_epi32(mtest)), 0);
| 
| 
|   ;
|   return 0;
| }
configure:15090: result: no
configure:15092: checking if compiler supports AVX2 intrinsics with -mavx -mfma -mavx2
configure:15121: gcc -o conftest -g -O2 -mavx -mfma -mavx2   conftest.c  >&5
configure:15121: $? = 0
configure:15124: result: yes
configure:15269: checking How to get X86 CPU Info
configure:15311: gcc -o conftest -g -O2   conftest.c  >&5
configure:15311: $? = 0
configure:15314: result: Inline Assembly
configure:15558: checking for doxygen
configure:15579: found /usr/bin/doxygen
configure:15591: result: yes
configure:15601: checking for dot
configure:15622: found /usr/bin/dot
configure:15634: result: yes
configure:15704: checking argument osce training data
configure:15713: result: no
configure:15794: checking if gcc supports -fvisibility=hidden
configure:15800: gcc -c -g -O2 -fvisibility=hidden  conftest.c >&5
configure:15800: $? = 0
configure:15802: result: yes
configure:15847: checking if gcc supports -fstack-protector-strong
configure:15860: gcc -o conftest -g -O2 -fvisibility=hidden -fstack-protector-strong   conftest.c  >&5
configure:15860: $? = 0
configure:15862: result: yes
configure:15880: checking whether to add -D_FORTIFY_SOURCE=2 to CFLAGS
configure:15896: gcc -o conftest -g -O2 -fvisibility=hidden -fstack-protector-strong   conftest.c  >&5
configure:15896: $? = 0
configure:15899: result: yes
configure:15920: checking if gcc supports -Wall -Wextra -Wcast-align -Wnested-externs -Wshadow -Wstrict-prototypes
configure:15926: gcc -c -g -O2 -fvisibility=hidden -fstack-protector-strong -D_FORTIFY_SOURCE=2 -W -Wall -Wextra -Wcast-align -Wnested-externs -Wshadow -Wstrict-prototypes  conftest.c >&5
configure:15926: $? = 0
configure:15928: result: yes
configure:15940: checking for lrintf
configure:15940: gcc -o conftest -g -O2 -fvisibility=hidden -fstack-protector-strong -D_FORTIFY_SOURCE=2 -W -Wall -Wextra -Wcast-align -Wnested-externs -Wshadow -Wstrict-prototypes   conftest.c  -lm >&5
conftest.c:51:1: warning: function declaration isn't a prototype [-Wstrict-prototypes]
   51 | char lrintf ();
      | ^~~~
conftest.c:51:6: warning: conflicting types for built-in function 'lrintf'; expected 'long int(float)' [-Wbuiltin-declaration-mismatch]
   51 | char lrintf ();
      |      ^~~~~~
conftest.c:43:1: note: 'lrintf' is declared in header '<math.h>'
   42 | #include <limits.h>
   43 | #undef lrintf
configure:15940: $? = 0
configure:15940: result: yes
configure:15947: checking for lrint
configure:15947: gcc -o conftest -g -O2 -fvisibility=hidden -fstack-protector-strong -D_FORTIFY_SOURCE=2 -W -Wall -Wextra -Wcast-align -Wnested-externs -Wshadow -Wstrict-prototypes   conftest.c  -lm >&5
conftest.c:52:1: warning: function declaration isn't a prototype [-Wstrict-prototypes]
   52 | char lrint ();
      | ^~~~
conftest.c:52:6: warning: conflicting types for built-in function 'lrint'; expected 'long int(double)' [-Wbuiltin-declaration-mismatch]
   52 | char lrint ();
      |      ^~~~~
conftest.c:44:1: note: 'lrint' is declared in header '<math.h>'
   43 | #include <limits.h>
   44 | #undef lrint
configure:15947: $? = 0
configure:15947: result: yes
configure:15956: checking for __malloc_hook
configure:15956: gcc -o conftest -g -O2 -fvisibility=hidden -fstack-protector-strong -D_FORTIFY_SOURCE=2 -W -Wall -Wextra -Wcast-align -Wnested-externs -Wshadow -Wstrict-prototypes   conftest.c  >&5
conftest.c:53:1: warning: function declaration isn't a prototype [-Wstrict-prototypes]
   53 | char __malloc_hook ();
      | ^~~~
mold: error: undefined symbol: __malloc_hook
>>> referenced by conftest.c
>>>               /tmp/cceaCUvp.o:(main)
collect2: error: ld returned 1 exit status
configure:15956: $? = 1
configure: failed program was:
| /* confdefs.h */
| #define PACKAGE_NAME "opus"
| #define PACKAGE_TARNAME "opus"
| #define PACKAGE_VERSION "1.5.1"
| #define PACKAGE_STRING "opus 1.5.1"
| #define PACKAGE_BUGREPORT "opus@xiph.org"
| #define PACKAGE_URL ""
| #define HAVE_STDIO_H 1
| #define HAVE_STDLIB_H 1
| #define HAVE_STRING_H 1
| #define HAVE_INTTYPES_H 1
| #define HAVE_STDINT_H 1
| #define HAVE_STRINGS_H 1
| #define HAVE_SYS_STAT_H 1
| #define HAVE_SYS_TYPES_H 1
| #define HAVE_UNISTD_H 1
| #define STDC_HEADERS 1
| #define HAVE_DLFCN_H 1
| #define LT_OBJDIR ".libs/"
| #define OPUS_BUILD /**/
| #define restrict __restrict
| #define VAR_ARRAYS 1
| #define FLOAT_APPROX 1
| #define OPUS_X86_MAY_HAVE_SSE 1
| #define OPUS_X86_PRESUME_SSE 1
| #define OPUS_X86_MAY_HAVE_SSE2 1
| #define OPUS_X86_PRESUME_SSE2 1
| #define OPUS_X86_MAY_HAVE_SSE4_1 1
| #define OPUS_X86_MAY_HAVE_AVX2 1
| #define CPU_INFO_BY_ASM 1
| #define OPUS_HAVE_RTCD 1
| #define ENABLE_HARDENING 1
| #define DISABLE_DEBUG_FLOAT 1
| #define HAVE_LRINTF 1
| #define HAVE_LRINT 1
| /* end confdefs.h.  */
| /* Define __malloc_hook to an innocuous variant, in case <limits.h> declares __malloc_hook.
|    For example, HP-UX 11i <limits.h> declares gettimeofday.  */
| #define __malloc_hook innocuous___malloc_hook
| 
| /* System header to define __stub macros and hopefully few prototypes,
|    which can conflict with char __malloc_hook (); below.  */
| 
| #include <limits.h>
| #undef __malloc_hook
| 
| /* Override any GCC internal prototype to avoid an error.
|    Use char because int might match the return type of a GCC
|    builtin and then its argument prototype would still apply.  */
| #ifdef __cplusplus
| extern "C"
| #endif
| char __malloc_hook ();
| /* The GNU C library defines this for functions which it implements
|     to always fail with ENOSYS.  Some functions are actually named
|     something starting with __ and the normal name is an alias.  */
| #if defined __stub___malloc_hook || defined __stub_____malloc_hook
| choke me
| #endif
| 
| int
| main (void)
| {
| return __malloc_hook ();
|   ;
|   return 0;
| }
configure:15956: result: no
configure:16072: checking that generated files are newer than configure
configure:16078: result: done
configure:16217: creating ./config.status

## ---------------------- ##
## Running config.status. ##
## ---------------------- ##

This file was extended by opus config.status 1.5.1, which was
generated by GNU Autoconf 2.71.  Invocation command line was

  CONFIG_FILES    = 
  CONFIG_HEADERS  = 
  CONFIG_LINKS    = 
  CONFIG_COMMANDS = 
  $ ./config.status 

on gator

config.status:1178: creating Makefile
config.status:1178: creating opus.pc
config.status:1178: creating opus-uninstalled.pc
config.status:1178: creating celt/arm/armopts.s
config.status:1178: creating doc/Makefile
config.status:1178: creating doc/Doxyfile
config.status:1178: creating config.h
config.status:1407: executing depfiles commands
config.status:1484: cd .       && sed -e '/# am--include-marker/d' Makefile         | make -f - am--depfiles
config.status:1489: $? = 0
config.status:1407: executing libtool commands
configure:18373:
------------------------------------------------------------------------
  opus 1.5.1:  Automatic configuration OK.

    Compiler support:

      C99 var arrays: ................ yes
      C99 lrintf: .................... yes
      Use alloca: .................... no (using var arrays)

    General configuration:

      Floating point support: ........ yes
      Fast float approximations: ..... yes
      Fixed point debugging: ......... no
      Inline Assembly Optimizations: . No inline ASM for your platform, please send patches
      External Assembly Optimizations: 
      Intrinsics Optimizations: ...... x86 SSE SSE2 SSE4.1 AVX2
      Run-time CPU detection: ........ x86 SSE4.1 AVX2
      Custom modes: .................. no
      Assertion checking: ............ no
      Hardening: ..................... yes
      Fuzzing: ....................... no
      Check ASM: ..................... no

      API documentation: ............. yes
      Extra programs: ................ yes
------------------------------------------------------------------------

 Type "make; make install" to compile and install
 Type "make check" to run the test suite


## ---------------- ##
## Cache variables. ##
## ---------------- ##

ac_cv_build=x86_64-pc-linux-gnu
ac_cv_c_compiler_gnu=yes
ac_cv_c_const=yes
ac_cv_c_inline=inline
ac_cv_c_restrict=__restrict
ac_cv_env_ARM_DOTPROD_INTR_CFLAGS_set=
ac_cv_env_ARM_DOTPROD_INTR_CFLAGS_value=
ac_cv_env_ARM_NEON_INTR_CFLAGS_set=
ac_cv_env_ARM_NEON_INTR_CFLAGS_value=
ac_cv_env_CCASFLAGS_set=
ac_cv_env_CCASFLAGS_value=
ac_cv_env_CCAS_set=
ac_cv_env_CCAS_value=
ac_cv_env_CC_set=
ac_cv_env_CC_value=
ac_cv_env_CFLAGS_set=
ac_cv_env_CFLAGS_value=
ac_cv_env_CPPFLAGS_set=
ac_cv_env_CPPFLAGS_value=
ac_cv_env_CPP_set=
ac_cv_env_CPP_value=
ac_cv_env_LDFLAGS_set=
ac_cv_env_LDFLAGS_value=
ac_cv_env_LIBS_set=
ac_cv_env_LIBS_value=
ac_cv_env_LT_SYS_LIBRARY_PATH_set=
ac_cv_env_LT_SYS_LIBRARY_PATH_value=
ac_cv_env_X86_AVX2_CFLAGS_set=
ac_cv_env_X86_AVX2_CFLAGS_value=
ac_cv_env_X86_SSE2_CFLAGS_set=
ac_cv_env_X86_SSE2_CFLAGS_value=
ac_cv_env_X86_SSE4_1_CFLAGS_set=
ac_cv_env_X86_SSE4_1_CFLAGS_value=
ac_cv_env_X86_SSE_CFLAGS_set=
ac_cv_env_X86_SSE_CFLAGS_value=
ac_cv_env_build_alias_set=
ac_cv_env_build_alias_value=
ac_cv_env_host_alias_set=
ac_cv_env_host_alias_value=
ac_cv_env_target_alias_set=
ac_cv_env_target_alias_value=
ac_cv_func___malloc_hook=no
ac_cv_func_lrint=yes
ac_cv_func_lrintf=yes
ac_cv_header_dlfcn_h=yes
ac_cv_header_inttypes_h=yes
ac_cv_header_stdint_h=yes
ac_cv_header_stdio_h=yes
ac_cv_header_stdlib_h=yes
ac_cv_header_string_h=yes
ac_cv_header_strings_h=yes
ac_cv_header_sys_stat_h=yes
ac_cv_header_sys_types_h=yes
ac_cv_header_unistd_h=yes
ac_cv_host=x86_64-pc-linux-gnu
ac_cv_lib_m_cos=yes
ac_cv_objext=o
ac_cv_path_EGREP='/usr/bin/grep -E'
ac_cv_path_FGREP='/usr/bin/grep -F'
ac_cv_path_GREP=/usr/bin/grep
ac_cv_path_SED=/usr/bin/sed
ac_cv_path_install='/usr/bin/install -c'
ac_cv_path_lt_DD=/usr/bin/dd
ac_cv_path_mkdir=/usr/bin/mkdir
ac_cv_prog_AWK=gawk
ac_cv_prog_CPP='gcc -E'
ac_cv_prog_HAVE_DOT=yes
ac_cv_prog_HAVE_DOXYGEN=yes
ac_cv_prog_ac_ct_AR=ar
ac_cv_prog_ac_ct_CC=gcc
ac_cv_prog_ac_ct_FILECMD=file
ac_cv_prog_ac_ct_OBJDUMP=objdump
ac_cv_prog_ac_ct_RANLIB=ranlib
ac_cv_prog_ac_ct_STRIP=strip
ac_cv_prog_cc_c11=
ac_cv_prog_cc_g=yes
ac_cv_prog_cc_stdc=
ac_cv_prog_make_make_set=yes
am_cv_CCAS_dependencies_compiler_type=gcc3
am_cv_CC_dependencies_compiler_type=gcc3
am_cv_make_support_nested_variables=yes
am_cv_prog_cc_c_o=yes
lt_cv_ar_at_file=@
lt_cv_archive_cmds_need_lc=no
lt_cv_deplibs_check_method=pass_all
lt_cv_file_magic_cmd='$MAGIC_CMD'
lt_cv_file_magic_test_file=
lt_cv_ld_reload_flag=-r
lt_cv_nm_interface='BSD nm'
lt_cv_objdir=.libs
lt_cv_path_LD=/usr/bin/ld
lt_cv_path_NM='/usr/bin/nm -B'
lt_cv_path_mainfest_tool=no
lt_cv_prog_compiler_c_o=yes
lt_cv_prog_compiler_pic='-fPIC -DPIC'
lt_cv_prog_compiler_pic_works=yes
lt_cv_prog_compiler_rtti_exceptions=no
lt_cv_prog_compiler_static_works=no
lt_cv_prog_gnu_ld=yes
lt_cv_sharedlib_from_linklib_cmd='printf %s\n'
lt_cv_shlibpath_overrides_runpath=yes
lt_cv_sys_global_symbol_pipe='/usr/bin/sed -n -e '\''s/^.*[	 ]\([ABCDGIRSTW][ABCDGIRSTW]*\)[	 ][	 ]*\([_A-Za-z][_A-Za-z0-9]*\)$/\1 \2 \2/p'\'' | /usr/bin/sed '\''/ __gnu_lto/d'\'''
lt_cv_sys_global_symbol_to_c_name_address='/usr/bin/sed -n -e '\''s/^: \(.*\) .*$/  {"\1", (void *) 0},/p'\'' -e '\''s/^[ABCDGIRSTW][ABCDGIRSTW]* .* \(.*\)$/  {"\1", (void *) \&\1},/p'\'''
lt_cv_sys_global_symbol_to_c_name_address_lib_prefix='/usr/bin/sed -n -e '\''s/^: \(.*\) .*$/  {"\1", (void *) 0},/p'\'' -e '\''s/^[ABCDGIRSTW][ABCDGIRSTW]* .* \(lib.*\)$/  {"\1", (void *) \&\1},/p'\'' -e '\''s/^[ABCDGIRSTW][ABCDGIRSTW]* .* \(.*\)$/  {"lib\1", (void *) \&\1},/p'\'''
lt_cv_sys_global_symbol_to_cdecl='/usr/bin/sed -n -e '\''s/^T .* \(.*\)$/extern int \1();/p'\'' -e '\''s/^[ABCDGIRSTW][ABCDGIRSTW]* .* \(.*\)$/extern char \1;/p'\'''
lt_cv_sys_global_symbol_to_import=
lt_cv_sys_max_cmd_len=1572864
lt_cv_to_host_file_cmd=func_convert_file_noop
lt_cv_to_tool_file_cmd=func_convert_file_noop
lt_cv_truncate_bin='/usr/bin/dd bs=4096 count=1'

## ----------------- ##
## Output variables. ##
## ----------------- ##

ACLOCAL='${SHELL} '\''/home/mike/projects/xiph-opus/missing'\'' aclocal-1.16'
AMDEPBACKSLASH='\'
AMDEP_FALSE='#'
AMDEP_TRUE=''
AMTAR='$${TAR-tar}'
AM_BACKSLASH='\'
AM_DEFAULT_V='$(AM_DEFAULT_VERBOSITY)'
AM_DEFAULT_VERBOSITY='0'
AM_V='$(V)'
AR='ar'
ARM2GNU_PARAMS=''
ARM_DOTPROD_INTR_CFLAGS='-march=armv8.2-a+dotprod'
ARM_NEON_INTR_CFLAGS='-mfpu=neon'
AUTOCONF='${SHELL} '\''/home/mike/projects/xiph-opus/missing'\'' autoconf'
AUTOHEADER='${SHELL} '\''/home/mike/projects/xiph-opus/missing'\'' autoheader'
AUTOMAKE='${SHELL} '\''/home/mike/projects/xiph-opus/missing'\'' automake-1.16'
AWK='gawk'
CC='gcc'
CCAS='gcc'
CCASDEPMODE='depmode=gcc3'
CCASFLAGS='-g -O2'
CCDEPMODE='depmode=gcc3'
CFLAGS='-g -O2 -fvisibility=hidden -fstack-protector-strong -D_FORTIFY_SOURCE=2 -W -Wall -Wextra -Wcast-align -Wnested-externs -Wshadow -Wstrict-prototypes'
CPP='gcc -E'
CPPFLAGS=''
CPU_ARM_FALSE=''
CPU_ARM_TRUE='#'
CPU_X86_FALSE='#'
CPU_X86_TRUE=''
CSCOPE='cscope'
CTAGS='ctags'
CUSTOM_MODES_FALSE=''
CUSTOM_MODES_TRUE='#'
CYGPATH_W='echo'
DEFS='-DHAVE_CONFIG_H'
DEPDIR='.deps'
DISABLE_FLOAT_API_FALSE=''
DISABLE_FLOAT_API_TRUE='#'
DLLTOOL='false'
DSYMUTIL=''
DUMPBIN=''
ECHO_C=''
ECHO_N='-n'
ECHO_T=''
EGREP='/usr/bin/grep -E'
ENABLE_DEEP_PLC_FALSE=''
ENABLE_DEEP_PLC_TRUE='#'
ENABLE_DRED_FALSE=''
ENABLE_DRED_TRUE='#'
ENABLE_LOSSGEN_FALSE=''
ENABLE_LOSSGEN_TRUE='#'
ENABLE_OSCE_FALSE=''
ENABLE_OSCE_TRUE='#'
ETAGS='etags'
EXEEXT=''
EXTRA_PROGRAMS_FALSE='#'
EXTRA_PROGRAMS_TRUE=''
FGREP='/usr/bin/grep -F'
FILECMD='file'
FIXED_POINT_FALSE=''
FIXED_POINT_TRUE='#'
GREP='/usr/bin/grep'
HAVE_ARM_DOTPROD_FALSE=''
HAVE_ARM_DOTPROD_TRUE='#'
HAVE_ARM_NE10=''
HAVE_ARM_NE10_FALSE=''
HAVE_ARM_NE10_TRUE='#'
HAVE_ARM_NEON_INTR_FALSE=''
HAVE_ARM_NEON_INTR_TRUE='#'
HAVE_AVX2_FALSE='#'
HAVE_AVX2_TRUE=''
HAVE_DOT='yes'
HAVE_DOXYGEN='yes'
HAVE_DOXYGEN_FALSE='#'
HAVE_DOXYGEN_TRUE=''
HAVE_PERL=''
HAVE_RTCD_FALSE='#'
HAVE_RTCD_TRUE=''
HAVE_SSE2_FALSE='#'
HAVE_SSE2_TRUE=''
HAVE_SSE4_1_FALSE='#'
HAVE_SSE4_1_TRUE=''
HAVE_SSE_FALSE='#'
HAVE_SSE_TRUE=''
INSTALL_DATA='${INSTALL} -m 644'
INSTALL_PROGRAM='${INSTALL}'
INSTALL_SCRIPT='${INSTALL}'
INSTALL_STRIP_PROGRAM='$(install_sh) -c -s'
LD='/usr/bin/ld -m elf_x86_64'
LDFLAGS=''
LIBM='-lm'
LIBOBJS=''
LIBS=''
LIBTOOL='$(SHELL) $(top_builddir)/libtool'
LIPO=''
LN_S='ln -s'
LTLIBOBJS=''
LT_SYS_LIBRARY_PATH=''
MAINT=''
MAINTAINER_MODE_FALSE='#'
MAINTAINER_MODE_TRUE=''
MAKEINFO='${SHELL} '\''/home/mike/projects/xiph-opus/missing'\'' makeinfo'
MANIFEST_TOOL=':'
MKDIR_P='/usr/bin/mkdir -p'
NE10_CFLAGS=''
NE10_LIBS=''
NM='/usr/bin/nm -B'
NMEDIT=''
OBJDUMP='objdump'
OBJEXT='o'
OPUS_ARM_DOTPROD_INTR_CFLAGS=''
OPUS_ARM_EXTERNAL_ASM_FALSE=''
OPUS_ARM_EXTERNAL_ASM_TRUE='#'
OPUS_ARM_INLINE_ASM_FALSE=''
OPUS_ARM_INLINE_ASM_TRUE='#'
OPUS_ARM_MAY_HAVE_DOTPROD=''
OPUS_ARM_MAY_HAVE_EDSP=''
OPUS_ARM_MAY_HAVE_MEDIA=''
OPUS_ARM_MAY_HAVE_NEON=''
OPUS_ARM_NEON_INTR_CFLAGS=''
OPUS_HAVE_RTCD='1'
OPUS_LT_AGE='10'
OPUS_LT_CURRENT='10'
OPUS_LT_REVISION='0'
OPUS_X86_AVX2_CFLAGS='-mavx -mfma -mavx2'
OPUS_X86_SSE2_CFLAGS=''
OPUS_X86_SSE4_1_CFLAGS='-msse4.1'
OPUS_X86_SSE_CFLAGS=''
OTOOL64=''
OTOOL=''
PACKAGE='opus'
PACKAGE_BUGREPORT='opus@xiph.org'
PACKAGE_NAME='opus'
PACKAGE_STRING='opus 1.5.1'
PACKAGE_TARNAME='opus'
PACKAGE_URL=''
PACKAGE_VERSION='1.5.1'
PATH_SEPARATOR=':'
PC_BUILD='floating-point'
RANLIB='ranlib'
SED='/usr/bin/sed'
SET_MAKE=''
SHELL='/bin/sh'
STRIP='strip'
VERSION='1.5.1'
X86_AVX2_CFLAGS='-mavx -mfma -mavx2'
X86_SSE2_CFLAGS='-msse2'
X86_SSE4_1_CFLAGS='-msse4.1'
X86_SSE_CFLAGS='-msse'
ac_ct_AR='ar'
ac_ct_CC='gcc'
ac_ct_DUMPBIN=''
am__EXEEXT_FALSE=''
am__EXEEXT_TRUE='#'
am__fastdepCCAS_FALSE='#'
am__fastdepCCAS_TRUE=''
am__fastdepCC_FALSE='#'
am__fastdepCC_TRUE=''
am__include='include'
am__isrc=''
am__leading_dot='.'
am__nodep='_no'
am__quote=''
am__tar='$${TAR-tar} chof - "$$tardir"'
am__untar='$${TAR-tar} xf -'
bindir='${exec_prefix}/bin'
build='x86_64-pc-linux-gnu'
build_alias=''
build_cpu='x86_64'
build_os='linux-gnu'
build_vendor='pc'
datadir='${datarootdir}'
datarootdir='${prefix}/share'
docdir='${datarootdir}/doc/${PACKAGE_TARNAME}'
dvidir='${docdir}'
exec_prefix='${prefix}'
host='x86_64-pc-linux-gnu'
host_alias=''
host_cpu='x86_64'
host_os='linux-gnu'
host_vendor='pc'
htmldir='${docdir}'
includedir='${prefix}/include'
infodir='${datarootdir}/info'
install_sh='${SHELL} /home/mike/projects/xiph-opus/install-sh'
libdir='${exec_prefix}/lib'
libexecdir='${exec_prefix}/libexec'
localedir='${datarootdir}/locale'
localstatedir='${prefix}/var'
mandir='${datarootdir}/man'
mkdir_p='$(MKDIR_P)'
oldincludedir='/usr/include'
pdfdir='${docdir}'
prefix='/usr/local'
program_transform_name='s,x,x,'
psdir='${docdir}'
runstatedir='${localstatedir}/run'
sbindir='${exec_prefix}/sbin'
sharedstatedir='${prefix}/com'
sysconfdir='${prefix}/etc'
target_alias=''

## ----------- ##
## confdefs.h. ##
## ----------- ##

/* confdefs.h */
#define PACKAGE_NAME "opus"
#define PACKAGE_TARNAME "opus"
#define PACKAGE_VERSION "1.5.1"
#define PACKAGE_STRING "opus 1.5.1"
#define PACKAGE_BUGREPORT "opus@xiph.org"
#define PACKAGE_URL ""
#define HAVE_STDIO_H 1
#define HAVE_STDLIB_H 1
#define HAVE_STRING_H 1
#define HAVE_INTTYPES_H 1
#define HAVE_STDINT_H 1
#define HAVE_STRINGS_H 1
#define HAVE_SYS_STAT_H 1
#define HAVE_SYS_TYPES_H 1
#define HAVE_UNISTD_H 1
#define STDC_HEADERS 1
#define HAVE_DLFCN_H 1
#define LT_OBJDIR ".libs/"
#define OPUS_BUILD /**/
#define restrict __restrict
#define VAR_ARRAYS 1
#define FLOAT_APPROX 1
#define OPUS_X86_MAY_HAVE_SSE 1
#define OPUS_X86_PRESUME_SSE 1
#define OPUS_X86_MAY_HAVE_SSE2 1
#define OPUS_X86_PRESUME_SSE2 1
#define OPUS_X86_MAY_HAVE_SSE4_1 1
#define OPUS_X86_MAY_HAVE_AVX2 1
#define CPU_INFO_BY_ASM 1
#define OPUS_HAVE_RTCD 1
#define ENABLE_HARDENING 1
#define DISABLE_DEBUG_FLOAT 1
#define HAVE_LRINTF 1
#define HAVE_LRINT 1

configure: exit 0
